[05:07:37] [INIT] KubeJS 1902.6.2-build.45; MC 1902 forge
[05:07:37] [INIT] Loaded plugins:
[05:07:37] [INIT] - dev.latvian.mods.kubejs.forge.BuiltinKubeJSForgePlugin
[05:07:37] [INIT] - dev.ftb.mods.ftbxmodcompat.ftbquests.kubejs.KubeJSIntegration
[05:07:37] [INIT] - dev.ftb.mods.ftbxmodcompat.ftbchunks.kubejs.FTBChunksKubeJSPlugin
[05:07:37] [INIT] - dev.ftb.mods.ftbxmodcompat.ftbteams.kubejs.FTBTeamsKubeJSPlugin
[05:07:37] [INIT] - dev.ftb.mods.ftbic.kubejs.FTBICKubeJSPlugin
[05:07:37] [INIT] - com.almostreliable.ponderjs.PonderJSPlugin
[05:07:37] [INIT] - com.klikli_dev.modonomicon.integration.kubejs.ModonomiconKubeJSPlugin
[05:07:39] [INFO] Loaded script server_scripts:postUnify/_before.js in 0.008 s
[05:07:40] [INFO] Loaded script server_scripts:postUnify/dust.js in 0.005 s
[05:07:40] [INFO] Loaded script server_scripts:postUnify/wires.js in 0.004 s
[05:07:40] [INFO] Loaded script server_scripts:postUnify/storage_blocks.js in 0.003 s
[05:07:40] [INFO] Loaded script server_scripts:postUnify/ingots.js in 0.004 s
[05:07:40] [INFO] Loaded script server_scripts:postUnify/nuggets.js in 0.003 s
[05:07:40] [INFO] Loaded script server_scripts:postUnify/raw_materials.js in 0.002 s
[05:07:40] [INFO] Loaded script server_scripts:postUnify/plates.js in 0.003 s
[05:07:40] [INFO] Loaded script server_scripts:postUnify/rods.js in 0.002 s
[05:07:40] [INFO] Loaded script server_scripts:postUnify/gears.js in 0.002 s
[05:07:40] [INFO] Loaded script server_scripts:modpack/patrick_star.js in 0.0 s
[05:07:40] [INFO] Loaded script server_scripts:modpack/atm_star.js in 0.001 s
[05:07:40] [INFO] Loaded script server_scripts:modpack/mini_portals.js in 0.002 s
[05:07:40] [INFO] Loaded script server_scripts:modpack/atm_molten_fluids.js in 0.001 s
[05:07:40] [INFO] Loaded script server_scripts:modpack/atm_alloys.js in 0.003 s
[05:07:40] [INFO] Loaded script server_scripts:modpack/atm_shard.js in 0.001 s
[05:07:40] [INFO] Loaded script server_scripts:modpack/bugs.js in 0.0 s
[05:07:40] [INFO] Loaded script server_scripts:modpack/att_items.js in 0.001 s
[05:07:40] [INFO] Loaded script server_scripts:modpack/atm_alloy_tools.js in 0.003 s
[05:07:40] [INFO] Loaded script server_scripts:modpack/atm_star_creative.js in 0.005 s
[05:07:40] [INFO] Loaded script server_scripts:modpack/music_discs.js in 0.002 s
[05:07:40] [INFO] Loaded script server_scripts:ore_processing.js in 0.009 s
[05:07:40] [INFO] Loaded script server_scripts:xpFluids.js in 0.001 s
[05:07:40] [INFO] Loaded script server_scripts:configurable/nuke.js in 0.0 s
[05:07:40] [INFO] Loaded script server_scripts:configurable/chunkloading.js in 0.0 s
[05:07:40] [INFO] Loaded script server_scripts:tags.js in 0.002 s
[05:07:40] [INFO] Loaded script server_scripts:ore_removal.js in 0.0 s
[05:07:40] [INFO] Loaded script server_scripts:conflicts.js in 0.008 s
[05:07:40] [INFO] Loaded script server_scripts:erroringRecipes.js in 0.003 s
[05:07:40] [INFO] Loaded script server_scripts:mods/ftbquests/customTask.js in 0.001 s
[05:07:40] [INFO] mods/chemlib/blocks.js#1: Loaded Java class 'com.smashingmods.chemlib.registry.ItemRegistry'
[05:07:40] [INFO] Loaded script server_scripts:mods/chemlib/blocks.js in 0.004 s
[05:07:40] [INFO] Loaded script server_scripts:mods/eccentrictome/tome.js in 0.017 s
[05:07:40] [INFO] Loaded script server_scripts:mods/evilcraft/evilcraft.js in 0.001 s
[05:07:40] [INFO] Loaded script server_scripts:mods/silent_gear/salvager.js in 0.0 s
[05:07:40] [INFO] Loaded script server_scripts:mods/immersiveengineering/immersivepetroleum.js in 0.001 s
[05:07:40] [INFO] Loaded script server_scripts:mods/immersiveengineering/immersiveengineering.js in 0.0 s
[05:07:40] [INFO] Loaded script server_scripts:mods/ars_nouveau/ars_nouveau.js in 0.0 s
[05:07:40] [INFO] Loaded script server_scripts:mods/quark/quark.js in 0.001 s
[05:07:40] [INFO] Loaded script server_scripts:mods/mysticalagriculture/crafting.js in 0.001 s
[05:07:40] [INFO] mods/mysticalagriculture/crops.js#1: Loaded Java class 'com.blakebr0.mysticalagriculture.registry.CropRegistry'
[05:07:40] [INFO] Loaded script server_scripts:mods/mysticalagriculture/crops.js in 0.007 s
[05:07:40] [INFO] Loaded script server_scripts:mods/mininggadgets/upgrade.js in 0.001 s
[05:07:40] [INFO] Loaded script server_scripts:mods/hexerei/hexereiDupe.js in 0.001 s
[05:07:40] [INFO] Loaded script server_scripts:mods/farmersdelight/create_compat.js in 0.001 s
[05:07:40] [INFO] Loaded script server_scripts:mods/quarryplus/quarrying.js in 0.001 s
[05:07:40] [INFO] Loaded script server_scripts:mods/deepresonance/deepresonance.js in 0.0 s
[05:07:40] [INFO] Loaded script server_scripts:mods/ftbic/book.js in 0.0 s
[05:07:40] [INFO] Loaded script server_scripts:mods/hostileneuralnetworks/hnn.js in 0.001 s
[05:07:40] [INFO] Loaded script server_scripts:mods/ad_astra/ad_astra.js in 0.0 s
[05:07:40] [INFO] Loaded script server_scripts:mods/structure_compass/structure_compass.js in 0.0 s
[05:07:40] [INFO] Loaded script server_scripts:mods/computercraft/turtles.js in 0.001 s
[05:07:40] [INFO] Loaded script server_scripts:mods/mekanism/mekanismServer.js in 0.004 s
[05:07:40] [INFO] Loaded script server_scripts:mods/mekanism/mekanism.js in 0.0 s
[05:07:40] [INFO] Loaded script server_scripts:mods/rftools/builder.js in 0.0 s
[05:07:40] [INFO] Loaded script server_scripts:mods/create/crushed_platinum.js in 0.001 s
[05:07:40] [INFO] Loaded script server_scripts:mods/timeinabottle/recipes.js in 0.001 s
[05:07:40] [INFO] Loaded script server_scripts:mods/reliquary/reliquary.js in 0.0 s
[05:07:40] [INFO] mods/farmingforblockheads/market.js#59: Loaded Java class 'net.blay09.mods.farmingforblockheads.api.FarmingForBlockheadsAPI'
[05:07:40] [INFO] Loaded script server_scripts:mods/farmingforblockheads/market.js in 0.003 s
[05:07:40] [INFO] Loaded script server_scripts:mods/thermal/thermal.js in 0.0 s
[05:07:40] [INFO] Loaded script server_scripts:mods/twilightforest/removals.js in 0.0 s
[05:07:40] [INFO] Loaded script server_scripts:mods/allthemodium/piglich_heart.js in 0.0 s
[05:07:40] [INFO] Loaded script server_scripts:mods/allthemodium/armor_upgrades.js in 0.001 s
[05:07:40] [INFO] Loaded script server_scripts:mods/ae/recipes.js in 0.0 s
[05:07:40] [INFO] Loaded script server_scripts:mods/refinedstorage/refinedstorage.js in 0.003 s
[05:07:40] [INFO] Loaded script server_scripts:mods/industrialforegoing/industrial_foregoing.js in 0.001 s
[05:07:40] [INFO] Loaded script server_scripts:mods/industrialforegoing/fluid_extractor.js in 0.0 s
[05:07:40] [INFO] Loaded script server_scripts:mods/angelring/angelring.js in 0.0 s
[05:07:40] [INFO] Loaded script server_scripts:mods/entangled/recipes.js in 0.0 s
[05:07:40] [INFO] Loaded script server_scripts:mods/buildinggadgets/recipes.js in 0.001 s
[05:07:40] [INFO] Loaded 68/68 KubeJS server scripts in 0.168 s
[05:07:40] [INFO] Scripts loaded
[05:07:40] [INFO] Initializing recipe event...
[05:07:48] [INFO] [minecraft:worldgen/biome] Found 635 tags, added 11 objects, removed 0 objects
[05:07:48] [INFO] [minecraft:fluid] Found 98 tags, added 0 objects, removed 14 objects
[05:07:48] [INFO] [minecraft:entity_type] Found 153 tags, added 59 objects, removed 0 objects
[05:07:48] [INFO] [minecraft:block] Found 1950 tags, added 222 objects, removed 0 objects
[05:07:48] [INFO] [minecraft:item] Found 4211 tags, added 204 objects, removed 484 objects
[05:08:01] [INFO] Processing recipes...
[05:08:02] [INFO] Found 41818 recipes in 631.4 ms
[05:08:08] [INFO] Posted recipe events in 6.671 s
[05:08:09] [WARN] Error parsing recipe create:cutting/compat/forbidden_arcanus/stripped_mysterywood[create:cutting]: {"type":"create:cutting","conditions":[{"type":"forge:mod_loaded","modid":"forbidden_arcanus"}],"ingredients":[{"item":"forbidden_arcanus:stripped_mysterywood"}],"processingTime":50,"results":[{"count":6,"item":"forbidden_arcanus:mysterywood_planks"}]}: com.google.gson.JsonSyntaxException: Unknown item 'forbidden_arcanus:stripped_mysterywood'
[05:08:09] [WARN] Error parsing recipe create:cutting/compat/forbidden_arcanus/stripped_cherrywood_log[create:cutting]: {"type":"create:cutting","conditions":[{"type":"forge:mod_loaded","modid":"forbidden_arcanus"}],"ingredients":[{"item":"forbidden_arcanus:stripped_cherrywood_log"}],"processingTime":50,"results":[{"count":6,"item":"forbidden_arcanus:cherrywood_planks"}]}: com.google.gson.JsonSyntaxException: Unknown item 'forbidden_arcanus:stripped_cherrywood_log'
[05:08:09] [WARN] Error parsing recipe create:cutting/compat/forbidden_arcanus/mysterywood[create:cutting]: {"type":"create:cutting","conditions":[{"type":"forge:mod_loaded","modid":"forbidden_arcanus"}],"ingredients":[{"item":"forbidden_arcanus:mysterywood"}],"processingTime":50,"results":[{"item":"forbidden_arcanus:stripped_mysterywood"}]}: com.google.gson.JsonSyntaxException: Unknown item 'forbidden_arcanus:mysterywood'
[05:08:10] [WARN] Error parsing recipe create:cutting/compat/forbidden_arcanus/mysterywood_log[create:cutting]: {"type":"create:cutting","conditions":[{"type":"forge:mod_loaded","modid":"forbidden_arcanus"}],"ingredients":[{"item":"forbidden_arcanus:mysterywood_log"}],"processingTime":50,"results":[{"item":"forbidden_arcanus:stripped_mysterywood_log"}]}: com.google.gson.JsonSyntaxException: Unknown item 'forbidden_arcanus:mysterywood_log'
[05:08:10] [WARN] Error parsing recipe create:cutting/compat/forbidden_arcanus/stripped_cherrywood[create:cutting]: {"type":"create:cutting","conditions":[{"type":"forge:mod_loaded","modid":"forbidden_arcanus"}],"ingredients":[{"item":"forbidden_arcanus:stripped_cherrywood"}],"processingTime":50,"results":[{"count":6,"item":"forbidden_arcanus:cherrywood_planks"}]}: com.google.gson.JsonSyntaxException: Unknown item 'forbidden_arcanus:stripped_cherrywood'
[05:08:10] [WARN] Error parsing recipe create:cutting/compat/forbidden_arcanus/cherrywood_log[create:cutting]: {"type":"create:cutting","conditions":[{"type":"forge:mod_loaded","modid":"forbidden_arcanus"}],"ingredients":[{"item":"forbidden_arcanus:cherrywood_log"}],"processingTime":50,"results":[{"item":"forbidden_arcanus:stripped_cherrywood_log"}]}: com.google.gson.JsonSyntaxException: Unknown item 'forbidden_arcanus:cherrywood_log'
[05:08:10] [WARN] Error parsing recipe create:cutting/compat/forbidden_arcanus/cherrywood[create:cutting]: {"type":"create:cutting","conditions":[{"type":"forge:mod_loaded","modid":"forbidden_arcanus"}],"ingredients":[{"item":"forbidden_arcanus:cherrywood"}],"processingTime":50,"results":[{"item":"forbidden_arcanus:stripped_cherrywood"}]}: com.google.gson.JsonSyntaxException: Unknown item 'forbidden_arcanus:cherrywood'
[05:08:10] [WARN] Error parsing recipe create:cutting/compat/forbidden_arcanus/stripped_mysterywood_log[create:cutting]: {"type":"create:cutting","conditions":[{"type":"forge:mod_loaded","modid":"forbidden_arcanus"}],"ingredients":[{"item":"forbidden_arcanus:stripped_mysterywood_log"}],"processingTime":50,"results":[{"count":6,"item":"forbidden_arcanus:mysterywood_planks"}]}: com.google.gson.JsonSyntaxException: Unknown item 'forbidden_arcanus:stripped_mysterywood_log'
[05:08:11] [INFO] Added 1618 recipes, removed 263 recipes, modified 3 recipes, with 8 failed recipes in 2.227 s
